<?xml version="1.0" encoding="UTF-8"?>
<!-- Generated by org.testng.reporters.JUnitXMLReporter -->
<testsuite ignored="0" hostname="DESKTOP-LH4JLB8" failures="0" tests="3" name="Surefire test" time="52.144" errors="0" timestamp="2023-10-17T00:08:38 ART">
  <testcase classname="MainTest" name="testPrintExerciseWithInvalidNumber" time="0.007"/>
  <testcase classname="MainTest" name="testPrintExerciseWithNullName" time="0.001"/>
  <testcase classname="MainTest" name="testPrintExerciseWithValidName" time="52.095"/>
</testsuite> <!-- Surefire test -->
