<?xml version="1.0" encoding="UTF-8"?>
<!-- Generated by org.testng.reporters.JUnitXMLReporter -->
<testsuite ignored="0" hostname="DESKTOP-LH4JLB8" failures="0" tests="3" name="Surefire test" time="85.255" errors="0" timestamp="2023-10-16T13:42:09 ART">
  <testcase classname="MainTest" name="testPrintExerciseWithInvalidNumber" time="51.115"/>
  <testcase classname="MainTest" name="testPrintExerciseWithNullName" time="0.0"/>
  <testcase classname="MainTest" name="testPrintExerciseWithValidName" time="34.096"/>
</testsuite> <!-- Surefire test -->
