<?xml version="1.0" encoding="UTF-8"?>
<testng-results ignored="0" total="3" passed="3" failed="0" skipped="0">
  <reporter-output>
  </reporter-output>
  <suite started-at="2023-10-16T13:40:43 ART" name="Surefire suite" finished-at="2023-10-16T13:42:09 ART" duration-ms="85255">
    <groups>
    </groups>
    <test started-at="2023-10-16T13:40:43 ART" name="Surefire test" finished-at="2023-10-16T13:42:09 ART" duration-ms="85255">
      <class name="MainTest">
        <test-method is-config="true" signature="setup()[pri:0, instance:MainTest@31f9b85e]" started-at="2023-10-16T13:40:43 ART" name="setup" finished-at="2023-10-16T13:40:43 ART" duration-ms="6" status="PASS">
          <reporter-output>
          </reporter-output>
        </test-method> <!-- setup -->
        <test-method signature="testPrintExerciseWithInvalidNumber()[pri:0, instance:MainTest@31f9b85e]" started-at="2023-10-16T13:40:43 ART" name="testPrintExerciseWithInvalidNumber" finished-at="2023-10-16T13:41:34 ART" duration-ms="51115" status="PASS">
          <reporter-output>
          </reporter-output>
        </test-method> <!-- testPrintExerciseWithInvalidNumber -->
        <test-method signature="testPrintExerciseWithNullName()[pri:0, instance:MainTest@31f9b85e]" started-at="2023-10-16T13:41:34 ART" name="testPrintExerciseWithNullName" finished-at="2023-10-16T13:41:34 ART" duration-ms="0" status="PASS">
          <reporter-output>
          </reporter-output>
        </test-method> <!-- testPrintExerciseWithNullName -->
        <test-method signature="testPrintExerciseWithValidName()[pri:0, instance:MainTest@31f9b85e]" started-at="2023-10-16T13:41:34 ART" name="testPrintExerciseWithValidName" finished-at="2023-10-16T13:42:09 ART" duration-ms="34096" status="PASS">
          <reporter-output>
          </reporter-output>
        </test-method> <!-- testPrintExerciseWithValidName -->
      </class> <!-- MainTest -->
    </test> <!-- Surefire test -->
  </suite> <!-- Surefire suite -->
</testng-results>
