<?xml version="1.0" encoding="UTF-8"?>
<testsuite xmlns:xsi="http://www.w3.org/2001/XMLSchema-instance" xsi:noNamespaceSchemaLocation="https://maven.apache.org/surefire/maven-surefire-plugin/xsd/surefire-test-report-3.0.xsd" version="3.0" name="MainTest" time="85.59" tests="3" errors="0" skipped="0" failures="0">
  <properties>
[...]
</properties>
  <testcase name="testPrintExerciseWithInvalidNumber" classname="MainTest" time="51.119">
    <system-out><![CDATA[Invalid value for NUMBER environment variable. Using the default value of 15.
Hello, I am Alice and I am printing the number 1
Hello, I am Alice and I am printing the number 2
Hello, I am Alice and I am printing the number 3
Hello, I am Alice and I am printing the number 4
Hello, I am Alice and I am printing the number 5
Hello, I am Alice and I am printing the number 6
Hello, I am Alice and I am printing the number 7
Hello, I am Alice and I am printing the number 8
Hello, I am Alice and I am printing the number 9
Hello, I am Alice and I am printing the number 10
Hello, I am Alice and I am printing the number 11
Hello, I am Alice and I am printing the number 12
Hello, I am Alice and I am printing the number 13
Hello, I am Alice and I am printing the number 14
Hello, I am Alice and I am printing the number 15
]]></system-out>
  </testcase>
  <testcase name="testPrintExerciseWithNullName" classname="MainTest" time="0.001">
    <system-out><![CDATA[Please set the NAME environment variable.
]]></system-out>
  </testcase>
  <testcase name="testPrintExerciseWithValidName" classname="MainTest" time="34.094">
    <system-out><![CDATA[Hello, I am John and I am printing the number 1
Hello, I am John and I am printing the number 2
Hello, I am John and I am printing the number 3
Hello, I am John and I am printing the number 4
Hello, I am John and I am printing the number 5
Hello, I am John and I am printing the number 6
Hello, I am John and I am printing the number 7
Hello, I am John and I am printing the number 8
Hello, I am John and I am printing the number 9
Hello, I am John and I am printing the number 10
Hello, I am John and I am printing the number 11
Hello, I am John and I am printing the number 12
Hello, I am John and I am printing the number 13
Hello, I am John and I am printing the number 14
Hello, I am John and I am printing the number 15
]]></system-out>
  </testcase>
</testsuite>